[    30.035] (--) Log file renamed from "/home/tharp/.local/share/xorg/Xorg.pid-1663.log" to "/home/tharp/.local/share/xorg/Xorg.0.log"
[    30.036] 
X.Org X Server 1.20.9
X Protocol Version 11, Revision 0
[    30.036] Build Operating System: Linux 4.15.0-130-generic x86_64 Ubuntu
[    30.036] Current Operating System: Linux 5CG0270YBY 5.8.0-44-generic #50~20.04.1-Ubuntu SMP Wed Feb 10 21:07:30 UTC 2021 x86_64
[    30.036] Kernel command line: BOOT_IMAGE=/vmlinuz-5.8.0-44-generic root=/dev/mapper/vgubuntu-root ro quiet splash vt.handoff=7
[    30.036] Build Date: 17 January 2021  09:13:31AM
[    30.036] xorg-server 2:1.20.9-2ubuntu1.2~20.04.1 (For technical support please see http://www.ubuntu.com/support) 
[    30.036] Current version of pixman: 0.38.4
[    30.036] 	Before reporting problems, check http://wiki.x.org
	to make sure that you have the latest version.
[    30.036] Markers: (--) probed, (**) from config file, (==) default setting,
	(++) from command line, (!!) notice, (II) informational,
	(WW) warning, (EE) error, (NI) not implemented, (??) unknown.
[    30.036] (==) Log file: "/home/tharp/.local/share/xorg/Xorg.0.log", Time: Wed Mar  3 08:50:31 2021
[    30.036] (==) Using system config directory "/usr/share/X11/xorg.conf.d"
[    30.037] (==) No Layout section.  Using the first Screen section.
[    30.037] (==) No screen section available. Using defaults.
[    30.037] (**) |-->Screen "Default Screen Section" (0)
[    30.037] (**) |   |-->Monitor "<default monitor>"
[    30.038] (==) No monitor specified for screen "Default Screen Section".
	Using a default monitor configuration.
[    30.038] (==) Automatically adding devices
[    30.038] (==) Automatically enabling devices
[    30.038] (==) Automatically adding GPU devices
[    30.038] (==) Automatically binding GPU devices
[    30.038] (==) Max clients allowed: 256, resource mask: 0x1fffff
[    30.038] (WW) The directory "/usr/share/fonts/X11/cyrillic" does not exist.
[    30.038] 	Entry deleted from font path.
[    30.038] (WW) The directory "/usr/share/fonts/X11/100dpi/" does not exist.
[    30.038] 	Entry deleted from font path.
[    30.038] (WW) The directory "/usr/share/fonts/X11/75dpi/" does not exist.
[    30.038] 	Entry deleted from font path.
[    30.038] (WW) The directory "/usr/share/fonts/X11/100dpi" does not exist.
[    30.038] 	Entry deleted from font path.
[    30.038] (WW) The directory "/usr/share/fonts/X11/75dpi" does not exist.
[    30.038] 	Entry deleted from font path.
[    30.038] (==) FontPath set to:
	/usr/share/fonts/X11/misc,
	/usr/share/fonts/X11/Type1,
	built-ins
[    30.038] (==) ModulePath set to "/usr/lib/xorg/modules"
[    30.038] (II) The server relies on udev to provide the list of input devices.
	If no devices become available, reconfigure udev or disable AutoAddDevices.
[    30.038] (II) Loader magic: 0x56319046a020
[    30.038] (II) Module ABI versions:
[    30.039] 	X.Org ANSI C Emulation: 0.4
[    30.039] 	X.Org Video Driver: 24.1
[    30.039] 	X.Org XInput driver : 24.1
[    30.039] 	X.Org Server Extension : 10.0
[    30.039] (++) using VT number 2

[    30.041] (II) systemd-logind: took control of session /org/freedesktop/login1/session/_32
[    30.042] (II) xfree86: Adding drm device (/dev/dri/card0)
[    30.043] (II) systemd-logind: got fd for /dev/dri/card0 226:0 fd 12 paused 0
[    30.046] (--) PCI:*(0@0:2:0) 8086:3ea0:103c:8549 rev 2, Mem @ 0xc7000000/16777216, 0xa0000000/268435456, I/O @ 0x00003000/64, BIOS @ 0x????????/131072
[    30.046] (II) LoadModule: "glx"
[    30.048] (II) Loading /usr/lib/xorg/modules/extensions/libglx.so
[    30.051] (II) Module glx: vendor="X.Org Foundation"
[    30.051] 	compiled for 1.20.9, module version = 1.0.0
[    30.051] 	ABI class: X.Org Server Extension, version 10.0
[    30.051] (==) Matched modesetting as autoconfigured driver 0
[    30.051] (==) Matched fbdev as autoconfigured driver 1
[    30.051] (==) Matched vesa as autoconfigured driver 2
[    30.051] (==) Assigned the driver to the xf86ConfigLayout
[    30.051] (II) LoadModule: "modesetting"
[    30.051] (II) Loading /usr/lib/xorg/modules/drivers/modesetting_drv.so
[    30.052] (II) Module modesetting: vendor="X.Org Foundation"
[    30.052] 	compiled for 1.20.9, module version = 1.20.9
[    30.052] 	Module class: X.Org Video Driver
[    30.052] 	ABI class: X.Org Video Driver, version 24.1
[    30.052] (II) LoadModule: "fbdev"
[    30.052] (II) Loading /usr/lib/xorg/modules/drivers/fbdev_drv.so
[    30.052] (II) Module fbdev: vendor="X.Org Foundation"
[    30.052] 	compiled for 1.20.1, module version = 0.5.0
[    30.053] 	Module class: X.Org Video Driver
[    30.053] 	ABI class: X.Org Video Driver, version 24.0
[    30.053] (II) LoadModule: "vesa"
[    30.053] (II) Loading /usr/lib/xorg/modules/drivers/vesa_drv.so
[    30.053] (II) Module vesa: vendor="X.Org Foundation"
[    30.053] 	compiled for 1.20.4, module version = 2.4.0
[    30.053] 	Module class: X.Org Video Driver
[    30.053] 	ABI class: X.Org Video Driver, version 24.0
[    30.053] (II) modesetting: Driver for Modesetting Kernel Drivers: kms
[    30.053] (II) FBDEV: driver for framebuffer: fbdev
[    30.053] (II) VESA: driver for VESA chipsets: vesa
[    30.053] xf86EnableIOPorts: failed to set IOPL for I/O (Operation not permitted)
[    30.053] (II) modeset(0): using drv /dev/dri/card0
[    30.053] (WW) Falling back to old probe method for fbdev
[    30.053] (II) Loading sub module "fbdevhw"
[    30.053] (II) LoadModule: "fbdevhw"
[    30.054] (II) Loading /usr/lib/xorg/modules/libfbdevhw.so
[    30.054] (II) Module fbdevhw: vendor="X.Org Foundation"
[    30.054] 	compiled for 1.20.9, module version = 0.0.2
[    30.054] 	ABI class: X.Org Video Driver, version 24.1
[    30.054] (EE) open /dev/fb0: Permission denied
[    30.054] (WW) VGA arbiter: cannot open kernel arbiter, no multi-card support
[    30.054] (II) modeset(0): Creating default Display subsection in Screen section
	"Default Screen Section" for depth/fbbpp 24/32
[    30.054] (==) modeset(0): Depth 24, (==) framebuffer bpp 32
[    30.054] (==) modeset(0): RGB weight 888
[    30.054] (==) modeset(0): Default visual is TrueColor
[    30.054] (II) Loading sub module "glamoregl"
[    30.054] (II) LoadModule: "glamoregl"
[    30.054] (II) Loading /usr/lib/xorg/modules/libglamoregl.so
[    30.059] (II) Module glamoregl: vendor="X.Org Foundation"
[    30.059] 	compiled for 1.20.9, module version = 1.0.1
[    30.059] 	ABI class: X.Org ANSI C Emulation, version 0.4
[    30.100] (II) modeset(0): glamor X acceleration enabled on Mesa Intel(R) UHD Graphics 620 (WHL GT2)
[    30.100] (II) modeset(0): glamor initialized
[    30.101] (II) modeset(0): Output eDP-1 has no monitor section
[    30.102] (II) modeset(0): Output DP-1 has no monitor section
[    30.108] (II) modeset(0): Output HDMI-1 has no monitor section
[    30.108] (II) modeset(0): Output DP-2 has no monitor section
[    30.115] (II) modeset(0): Output HDMI-2 has no monitor section
[    30.117] (II) modeset(0): EDID for output eDP-1
[    30.117] (II) modeset(0): Manufacturer: LGD  Model: 60f  Serial#: 0
[    30.117] (II) modeset(0): Year: 2018  Week: 0
[    30.117] (II) modeset(0): EDID Version: 1.4
[    30.117] (II) modeset(0): Digital Display Input
[    30.117] (II) modeset(0): 6 bits per channel
[    30.117] (II) modeset(0): Digital interface is DisplayPort
[    30.117] (II) modeset(0): Max Image Size [cm]: horiz.: 31  vert.: 17
[    30.117] (II) modeset(0): Gamma: 2.20
[    30.117] (II) modeset(0): No DPMS capabilities specified
[    30.117] (II) modeset(0): Supported color encodings: RGB 4:4:4 
[    30.117] (II) modeset(0): First detailed timing is preferred mode
[    30.117] (II) modeset(0): Preferred mode is native pixel format and refresh rate
[    30.117] (II) modeset(0): Display is continuous-frequency
[    30.117] (II) modeset(0): redX: 0.584 redY: 0.369   greenX: 0.350 greenY: 0.557
[    30.117] (II) modeset(0): blueX: 0.154 blueY: 0.106   whiteX: 0.313 whiteY: 0.329
[    30.117] (II) modeset(0): Manufacturer's mask: 0
[    30.117] (II) modeset(0): Supported detailed timing:
[    30.117] (II) modeset(0): clock: 138.7 MHz   Image Size:  309 x 174 mm
[    30.117] (II) modeset(0): h_active: 1920  h_sync: 1968  h_sync_end 2000 h_blank_end 2080 h_border: 0
[    30.117] (II) modeset(0): v_active: 1080  v_sync: 1083  v_sync_end 1088 v_blanking: 1111 v_border: 0
[    30.117] (II) modeset(0): Supported detailed timing:
[    30.117] (II) modeset(0): clock: 92.4 MHz   Image Size:  309 x 174 mm
[    30.117] (II) modeset(0): h_active: 1920  h_sync: 1968  h_sync_end 2000 h_blank_end 2080 h_border: 0
[    30.117] (II) modeset(0): v_active: 1080  v_sync: 1083  v_sync_end 1088 v_blanking: 1111 v_border: 0
[    30.117] (II) modeset(0): Unknown vendor-specific block 2
[    30.117] (II) modeset(0): EDID (in hex):
[    30.117] (II) modeset(0): 	00ffffffffffff0030e40f0600000000
[    30.117] (II) modeset(0): 	001c0104951f117803aa95955e598e27
[    30.117] (II) modeset(0): 	1b505400000001010101010101010101
[    30.117] (II) modeset(0): 	0101010101012e3680a070381f403020
[    30.117] (II) modeset(0): 	350035ae100000191b2480a070381f40
[    30.117] (II) modeset(0): 	3020350035ae10000019000000000000
[    30.117] (II) modeset(0): 	00000000000000000000000000000002
[    30.117] (II) modeset(0): 	000c3fff0a3c7d10101e7d0000000090
[    30.118] (II) modeset(0): Printing probed modes for output eDP-1
[    30.118] (II) modeset(0): Modeline "1920x1080"x60.0  138.70  1920 1968 2000 2080  1080 1083 1088 1111 -hsync -vsync (66.7 kHz eP)
[    30.118] (II) modeset(0): Modeline "1920x1080"x120.0  356.38  1920 2080 2288 2656  1080 1081 1084 1118 doublescan -hsync +vsync (134.2 kHz d)
[    30.118] (II) modeset(0): Modeline "1920x1080"x119.9  266.50  1920 1944 1960 2000  1080 1081 1084 1111 doublescan +hsync -vsync (133.2 kHz d)
[    30.118] (II) modeset(0): Modeline "1920x1080"x60.0  173.00  1920 2048 2248 2576  1080 1083 1088 1120 -hsync +vsync (67.2 kHz d)
[    30.118] (II) modeset(0): Modeline "1920x1080"x59.9  138.50  1920 1968 2000 2080  1080 1083 1088 1111 +hsync -vsync (66.6 kHz d)
[    30.118] (II) modeset(0): Modeline "1920x1080"x40.0   92.43  1920 1968 2000 2080  1080 1083 1088 1111 -hsync -vsync (44.4 kHz e)
[    30.118] (II) modeset(0): Modeline "1680x1050"x60.0  146.25  1680 1784 1960 2240  1050 1053 1059 1089 -hsync +vsync (65.3 kHz d)
[    30.118] (II) modeset(0): Modeline "1680x1050"x59.9  119.00  1680 1728 1760 1840  1050 1053 1059 1080 +hsync -vsync (64.7 kHz d)
[    30.118] (II) modeset(0): Modeline "1600x1024"x60.2  103.12  1600 1600 1656 1664  1024 1024 1029 1030 +hsync +vsync (62.0 kHz d)
[    30.118] (II) modeset(0): Modeline "1400x1050"x60.0  122.00  1400 1488 1640 1880  1050 1052 1064 1082 +hsync +vsync (64.9 kHz d)
[    30.118] (II) modeset(0): Modeline "1600x900"x120.0  246.00  1600 1728 1900 2200  900 901 904 932 doublescan -hsync +vsync (111.8 kHz d)
[    30.118] (II) modeset(0): Modeline "1600x900"x119.9  186.50  1600 1624 1640 1680  900 901 904 926 doublescan +hsync -vsync (111.0 kHz d)
[    30.118] (II) modeset(0): Modeline "1600x900"x59.9  118.25  1600 1696 1856 2112  900 903 908 934 -hsync +vsync (56.0 kHz d)
[    30.118] (II) modeset(0): Modeline "1600x900"x59.8   97.50  1600 1648 1680 1760  900 903 908 926 +hsync -vsync (55.4 kHz d)
[    30.118] (II) modeset(0): Modeline "1280x1024"x60.0  108.00  1280 1328 1440 1688  1024 1025 1028 1066 +hsync +vsync (64.0 kHz d)
[    30.118] (II) modeset(0): Modeline "1440x900"x59.9  106.50  1440 1520 1672 1904  900 903 909 934 -hsync +vsync (55.9 kHz d)
[    30.118] (II) modeset(0): Modeline "1400x900"x60.0  103.50  1400 1480 1624 1848  900 903 913 934 -hsync +vsync (56.0 kHz d)
[    30.118] (II) modeset(0): Modeline "1400x900"x59.9   86.50  1400 1448 1480 1560  900 903 913 926 +hsync -vsync (55.4 kHz d)
[    30.118] (II) modeset(0): Modeline "1280x960"x60.0  108.00  1280 1376 1488 1800  960 961 964 1000 +hsync +vsync (60.0 kHz d)
[    30.118] (II) modeset(0): Modeline "1440x810"x120.0  198.12  1440 1548 1704 1968  810 811 814 839 doublescan -hsync +vsync (100.7 kHz d)
[    30.118] (II) modeset(0): Modeline "1440x810"x119.9  151.88  1440 1464 1480 1520  810 811 814 833 doublescan +hsync -vsync (99.9 kHz d)
[    30.118] (II) modeset(0): Modeline "1368x768"x59.9   85.25  1368 1440 1576 1784  768 771 781 798 -hsync +vsync (47.8 kHz d)
[    30.118] (II) modeset(0): Modeline "1368x768"x59.9   72.25  1368 1416 1448 1528  768 771 781 790 +hsync -vsync (47.3 kHz d)
[    30.118] (II) modeset(0): Modeline "1360x768"x59.8   84.75  1360 1432 1568 1776  768 771 781 798 -hsync +vsync (47.7 kHz d)
[    30.118] (II) modeset(0): Modeline "1360x768"x60.0   72.00  1360 1408 1440 1520  768 771 781 790 +hsync -vsync (47.4 kHz d)
[    30.118] (II) modeset(0): Modeline "1280x800"x120.0  174.25  1280 1380 1516 1752  800 801 804 829 doublescan -hsync +vsync (99.5 kHz d)
[    30.118] (II) modeset(0): Modeline "1280x800"x119.9  134.25  1280 1304 1320 1360  800 801 804 823 doublescan +hsync -vsync (98.7 kHz d)
[    30.118] (II) modeset(0): Modeline "1280x800"x59.8   83.50  1280 1352 1480 1680  800 803 809 831 -hsync +vsync (49.7 kHz d)
[    30.118] (II) modeset(0): Modeline "1280x800"x59.9   71.00  1280 1328 1360 1440  800 803 809 823 +hsync -vsync (49.3 kHz d)
[    30.118] (II) modeset(0): Modeline "1152x864"x60.0   81.62  1152 1216 1336 1520  864 865 868 895 -hsync +vsync (53.7 kHz d)
[    30.118] (II) modeset(0): Modeline "1280x720"x120.0  156.12  1280 1376 1512 1744  720 721 724 746 doublescan -hsync +vsync (89.5 kHz d)
[    30.118] (II) modeset(0): Modeline "1280x720"x120.0  120.75  1280 1304 1320 1360  720 721 724 740 doublescan +hsync -vsync (88.8 kHz d)
[    30.118] (II) modeset(0): Modeline "1280x720"x59.9   74.50  1280 1344 1472 1664  720 723 728 748 -hsync +vsync (44.8 kHz d)
[    30.118] (II) modeset(0): Modeline "1280x720"x59.7   63.75  1280 1328 1360 1440  720 723 728 741 +hsync -vsync (44.3 kHz d)
[    30.118] (II) modeset(0): Modeline "1024x768"x120.1  133.47  1024 1100 1212 1400  768 768 770 794 doublescan -hsync +vsync (95.3 kHz d)
[    30.118] (II) modeset(0): Modeline "1024x768"x60.0   65.00  1024 1048 1184 1344  768 771 777 806 -hsync -vsync (48.4 kHz d)
[    30.118] (II) modeset(0): Modeline "960x720"x120.0  117.00  960 1024 1128 1300  720 720 722 750 doublescan -hsync +vsync (90.0 kHz d)
[    30.118] (II) modeset(0): Modeline "928x696"x120.1  109.15  928 976 1088 1264  696 696 698 719 doublescan -hsync +vsync (86.4 kHz d)
[    30.118] (II) modeset(0): Modeline "896x672"x120.0  102.40  896 960 1060 1224  672 672 674 697 doublescan -hsync +vsync (83.7 kHz d)
[    30.118] (II) modeset(0): Modeline "1024x576"x119.9   98.50  1024 1092 1200 1376  576 577 580 597 doublescan -hsync +vsync (71.6 kHz d)
[    30.118] (II) modeset(0): Modeline "1024x576"x119.9   78.38  1024 1048 1064 1104  576 577 580 592 doublescan +hsync -vsync (71.0 kHz d)
[    30.118] (II) modeset(0): Modeline "1024x576"x59.9   46.50  1024 1064 1160 1296  576 579 584 599 -hsync +vsync (35.9 kHz d)
[    30.118] (II) modeset(0): Modeline "1024x576"x59.8   42.00  1024 1072 1104 1184  576 579 584 593 +hsync -vsync (35.5 kHz d)
[    30.118] (II) modeset(0): Modeline "960x600"x119.9   96.62  960 1028 1128 1296  600 601 604 622 doublescan -hsync +vsync (74.6 kHz d)
[    30.118] (II) modeset(0): Modeline "960x600"x120.0   77.00  960 984 1000 1040  600 601 604 617 doublescan +hsync -vsync (74.0 kHz d)
[    30.118] (II) modeset(0): Modeline "960x540"x119.9   86.50  960 1024 1124 1288  540 541 544 560 doublescan -hsync +vsync (67.2 kHz d)
[    30.118] (II) modeset(0): Modeline "960x540"x120.0   69.25  960 984 1000 1040  540 541 544 555 doublescan +hsync -vsync (66.6 kHz d)
[    30.118] (II) modeset(0): Modeline "960x540"x59.6   40.75  960 992 1088 1216  540 543 548 562 -hsync +vsync (33.5 kHz d)
[    30.118] (II) modeset(0): Modeline "960x540"x59.8   37.25  960 1008 1040 1120  540 543 548 556 +hsync -vsync (33.3 kHz d)
[    30.118] (II) modeset(0): Modeline "800x600"x120.0   81.00  800 832 928 1080  600 600 602 625 doublescan +hsync +vsync (75.0 kHz d)
[    30.118] (II) modeset(0): Modeline "800x600"x60.3   40.00  800 840 968 1056  600 601 605 628 +hsync +vsync (37.9 kHz d)
[    30.118] (II) modeset(0): Modeline "800x600"x56.2   36.00  800 824 896 1024  600 601 603 625 +hsync +vsync (35.2 kHz d)
[    30.118] (II) modeset(0): Modeline "840x525"x120.0   73.12  840 892 980 1120  525 526 529 544 doublescan -hsync +vsync (65.3 kHz d)
[    30.118] (II) modeset(0): Modeline "840x525"x119.8   59.50  840 864 880 920  525 526 529 540 doublescan +hsync -vsync (64.7 kHz d)
[    30.118] (II) modeset(0): Modeline "864x486"x59.9   32.50  864 888 968 1072  486 489 494 506 -hsync +vsync (30.3 kHz d)
[    30.118] (II) modeset(0): Modeline "864x486"x59.6   30.50  864 912 944 1024  486 489 494 500 +hsync -vsync (29.8 kHz d)
[    30.118] (II) modeset(0): Modeline "800x512"x120.3   51.56  800 800 828 832  512 512 514 515 doublescan +hsync +vsync (62.0 kHz d)
[    30.118] (II) modeset(0): Modeline "700x525"x120.0   61.00  700 744 820 940  525 526 532 541 doublescan +hsync +vsync (64.9 kHz d)
[    30.118] (II) modeset(0): Modeline "800x450"x119.9   59.12  800 848 928 1056  450 451 454 467 doublescan -hsync +vsync (56.0 kHz d)
[    30.118] (II) modeset(0): Modeline "800x450"x119.6   48.75  800 824 840 880  450 451 454 463 doublescan +hsync -vsync (55.4 kHz d)
[    30.118] (II) modeset(0): Modeline "640x512"x120.0   54.00  640 664 720 844  512 512 514 533 doublescan +hsync +vsync (64.0 kHz d)
[    30.118] (II) modeset(0): Modeline "720x450"x119.8   53.25  720 760 836 952  450 451 454 467 doublescan -hsync +vsync (55.9 kHz d)
[    30.118] (II) modeset(0): Modeline "700x450"x119.9   51.75  700 740 812 924  450 451 456 467 doublescan -hsync +vsync (56.0 kHz d)
[    30.119] (II) modeset(0): Modeline "700x450"x119.8   43.25  700 724 740 780  450 451 456 463 doublescan +hsync -vsync (55.4 kHz d)
[    30.119] (II) modeset(0): Modeline "640x480"x120.0   54.00  640 688 744 900  480 480 482 500 doublescan +hsync +vsync (60.0 kHz d)
[    30.119] (II) modeset(0): Modeline "640x480"x59.9   25.18  640 656 752 800  480 490 492 525 -hsync -vsync (31.5 kHz d)
[    30.119] (II) modeset(0): Modeline "720x405"x59.5   22.50  720 744 808 896  405 408 413 422 -hsync +vsync (25.1 kHz d)
[    30.119] (II) modeset(0): Modeline "720x405"x59.0   21.75  720 768 800 880  405 408 413 419 +hsync -vsync (24.7 kHz d)
[    30.119] (II) modeset(0): Modeline "684x384"x119.8   42.62  684 720 788 892  384 385 390 399 doublescan -hsync +vsync (47.8 kHz d)
[    30.119] (II) modeset(0): Modeline "684x384"x119.7   36.12  684 708 724 764  384 385 390 395 doublescan +hsync -vsync (47.3 kHz d)
[    30.119] (II) modeset(0): Modeline "680x384"x119.6   42.38  680 716 784 888  384 385 390 399 doublescan -hsync +vsync (47.7 kHz d)
[    30.119] (II) modeset(0): Modeline "680x384"x119.9   36.00  680 704 720 760  384 385 390 395 doublescan +hsync -vsync (47.4 kHz d)
[    30.119] (II) modeset(0): Modeline "640x400"x119.8   41.75  640 676 740 840  400 401 404 415 doublescan -hsync +vsync (49.7 kHz d)
[    30.119] (II) modeset(0): Modeline "640x400"x120.0   35.50  640 664 680 720  400 401 404 411 doublescan +hsync -vsync (49.3 kHz d)
[    30.119] (II) modeset(0): Modeline "576x432"x120.1   40.81  576 608 668 760  432 432 434 447 doublescan -hsync +vsync (53.7 kHz d)
[    30.119] (II) modeset(0): Modeline "640x360"x119.7   37.25  640 672 736 832  360 361 364 374 doublescan -hsync +vsync (44.8 kHz d)
[    30.119] (II) modeset(0): Modeline "640x360"x119.7   31.88  640 664 680 720  360 361 364 370 doublescan +hsync -vsync (44.3 kHz d)
[    30.119] (II) modeset(0): Modeline "640x360"x59.8   18.00  640 664 720 800  360 363 368 376 -hsync +vsync (22.5 kHz d)
[    30.119] (II) modeset(0): Modeline "640x360"x59.3   17.75  640 688 720 800  360 363 368 374 +hsync -vsync (22.2 kHz d)
[    30.119] (II) modeset(0): Modeline "512x384"x120.0   32.50  512 524 592 672  384 385 388 403 doublescan -hsync -vsync (48.4 kHz d)
[    30.119] (II) modeset(0): Modeline "512x288"x120.0   23.25  512 532 580 648  288 289 292 299 doublescan -hsync +vsync (35.9 kHz d)
[    30.119] (II) modeset(0): Modeline "512x288"x119.8   21.00  512 536 552 592  288 289 292 296 doublescan +hsync -vsync (35.5 kHz d)
[    30.119] (II) modeset(0): Modeline "480x270"x119.3   20.38  480 496 544 608  270 271 274 281 doublescan -hsync +vsync (33.5 kHz d)
[    30.119] (II) modeset(0): Modeline "480x270"x119.6   18.62  480 504 520 560  270 271 274 278 doublescan +hsync -vsync (33.3 kHz d)
[    30.119] (II) modeset(0): Modeline "400x300"x120.6   20.00  400 420 484 528  300 300 302 314 doublescan +hsync +vsync (37.9 kHz d)
[    30.119] (II) modeset(0): Modeline "400x300"x112.7   18.00  400 412 448 512  300 300 301 312 doublescan +hsync +vsync (35.2 kHz d)
[    30.119] (II) modeset(0): Modeline "432x243"x119.8   16.25  432 444 484 536  243 244 247 253 doublescan -hsync +vsync (30.3 kHz d)
[    30.119] (II) modeset(0): Modeline "432x243"x119.1   15.25  432 456 472 512  243 244 247 250 doublescan +hsync -vsync (29.8 kHz d)
[    30.119] (II) modeset(0): Modeline "320x240"x120.1   12.59  320 328 376 400  240 245 246 262 doublescan -hsync -vsync (31.5 kHz d)
[    30.119] (II) modeset(0): Modeline "360x202"x119.0   11.25  360 372 404 448  202 204 206 211 doublescan -hsync +vsync (25.1 kHz d)
[    30.119] (II) modeset(0): Modeline "360x202"x118.3   10.88  360 384 400 440  202 204 206 209 doublescan +hsync -vsync (24.7 kHz d)
[    30.119] (II) modeset(0): Modeline "320x180"x119.7    9.00  320 332 360 400  180 181 184 188 doublescan -hsync +vsync (22.5 kHz d)
[    30.119] (II) modeset(0): Modeline "320x180"x118.6    8.88  320 344 360 400  180 181 184 187 doublescan +hsync -vsync (22.2 kHz d)
[    30.119] (II) modeset(0): EDID for output DP-1
[    30.125] (II) modeset(0): EDID for output HDMI-1
[    30.126] (II) modeset(0): EDID for output DP-2
[    30.132] (II) modeset(0): EDID for output HDMI-2
[    30.132] (II) modeset(0): Output eDP-1 connected
[    30.132] (II) modeset(0): Output DP-1 disconnected
[    30.132] (II) modeset(0): Output HDMI-1 disconnected
[    30.132] (II) modeset(0): Output DP-2 disconnected
[    30.132] (II) modeset(0): Output HDMI-2 disconnected
[    30.132] (II) modeset(0): Using exact sizes for initial modes
[    30.132] (II) modeset(0): Output eDP-1 using initial mode 1920x1080 +0+0
[    30.132] (==) modeset(0): Using gamma correction (1.0, 1.0, 1.0)
[    30.132] (==) modeset(0): DPI set to (96, 96)
[    30.132] (II) Loading sub module "fb"
[    30.132] (II) LoadModule: "fb"
[    30.132] (II) Loading /usr/lib/xorg/modules/libfb.so
[    30.133] (II) Module fb: vendor="X.Org Foundation"
[    30.133] 	compiled for 1.20.9, module version = 1.0.0
[    30.133] 	ABI class: X.Org ANSI C Emulation, version 0.4
[    30.133] (II) UnloadModule: "fbdev"
[    30.133] (II) Unloading fbdev
[    30.133] (II) UnloadSubModule: "fbdevhw"
[    30.133] (II) Unloading fbdevhw
[    30.133] (II) UnloadModule: "vesa"
[    30.133] (II) Unloading vesa
[    30.148] (==) modeset(0): Backing store enabled
[    30.148] (==) modeset(0): Silken mouse enabled
[    30.217] (II) modeset(0): Initializing kms color map for depth 24, 8 bpc.
[    30.217] (==) modeset(0): DPMS enabled
[    30.218] (II) modeset(0): [DRI2] Setup complete
[    30.218] (II) modeset(0): [DRI2]   DRI driver: iris
[    30.218] (II) modeset(0): [DRI2]   VDPAU driver: va_gl
[    30.218] (II) Initializing extension Generic Event Extension
[    30.218] (II) Initializing extension SHAPE
[    30.218] (II) Initializing extension MIT-SHM
[    30.218] (II) Initializing extension XInputExtension
[    30.219] (II) Initializing extension XTEST
[    30.219] (II) Initializing extension BIG-REQUESTS
[    30.219] (II) Initializing extension SYNC
[    30.220] (II) Initializing extension XKEYBOARD
[    30.220] (II) Initializing extension XC-MISC
[    30.220] (II) Initializing extension SECURITY
[    30.220] (II) Initializing extension XFIXES
[    30.221] (II) Initializing extension RENDER
[    30.221] (II) Initializing extension RANDR
[    30.221] (II) Initializing extension COMPOSITE
[    30.221] (II) Initializing extension DAMAGE
[    30.221] (II) Initializing extension MIT-SCREEN-SAVER
[    30.222] (II) Initializing extension DOUBLE-BUFFER
[    30.222] (II) Initializing extension RECORD
[    30.222] (II) Initializing extension DPMS
[    30.222] (II) Initializing extension Present
[    30.222] (II) Initializing extension DRI3
[    30.222] (II) Initializing extension X-Resource
[    30.223] (II) Initializing extension XVideo
[    30.223] (II) Initializing extension XVideo-MotionCompensation
[    30.223] (II) Initializing extension SELinux
[    30.223] (II) SELinux: Disabled on system
[    30.223] (II) Initializing extension GLX
[    30.235] (II) AIGLX: Loaded and initialized iris
[    30.235] (II) GLX: Initialized DRI2 GL provider for screen 0
[    30.235] (II) Initializing extension XFree86-VidModeExtension
[    30.235] (II) Initializing extension XFree86-DGA
[    30.236] (II) Initializing extension XFree86-DRI
[    30.236] (II) Initializing extension DRI2
[    30.237] (II) modeset(0): Damage tracking initialized
[    30.237] (II) modeset(0): Setting screen physical size to 508 x 285
[    30.287] (II) config/udev: Adding input device Power Button (/dev/input/event3)
[    30.287] (**) Power Button: Applying InputClass "libinput keyboard catchall"
[    30.287] (II) LoadModule: "libinput"
[    30.287] (II) Loading /usr/lib/xorg/modules/input/libinput_drv.so
[    30.290] (II) Module libinput: vendor="X.Org Foundation"
[    30.290] 	compiled for 1.20.4, module version = 0.29.0
[    30.290] 	Module class: X.Org XInput Driver
[    30.290] 	ABI class: X.Org XInput driver, version 24.1
[    30.290] (II) Using input driver 'libinput' for 'Power Button'
[    30.291] (II) systemd-logind: got fd for /dev/input/event3 13:67 fd 26 paused 0
[    30.291] (**) Power Button: always reports core events
[    30.291] (**) Option "Device" "/dev/input/event3"
[    30.291] (**) Option "_source" "server/udev"
[    30.293] (II) event3  - Power Button: is tagged by udev as: Keyboard
[    30.293] (II) event3  - Power Button: device is a keyboard
[    30.293] (II) event3  - Power Button: device removed
[    30.293] (**) Option "config_info" "udev:/sys/devices/LNXSYSTM:00/LNXPWRBN:00/input/input3/event3"
[    30.293] (II) XINPUT: Adding extended input device "Power Button" (type: KEYBOARD, id 6)
[    30.293] (**) Option "xkb_model" "pc105"
[    30.293] (**) Option "xkb_layout" "us"
[    30.294] (II) event3  - Power Button: is tagged by udev as: Keyboard
[    30.294] (II) event3  - Power Button: device is a keyboard
[    30.295] (II) config/udev: Adding input device Video Bus (/dev/input/event8)
[    30.295] (**) Video Bus: Applying InputClass "libinput keyboard catchall"
[    30.295] (II) Using input driver 'libinput' for 'Video Bus'
[    30.296] (II) systemd-logind: got fd for /dev/input/event8 13:72 fd 29 paused 0
[    30.296] (**) Video Bus: always reports core events
[    30.296] (**) Option "Device" "/dev/input/event8"
[    30.296] (**) Option "_source" "server/udev"
[    30.297] (II) event8  - Video Bus: is tagged by udev as: Keyboard
[    30.297] (II) event8  - Video Bus: device is a keyboard
[    30.297] (II) event8  - Video Bus: device removed
[    30.297] (**) Option "config_info" "udev:/sys/devices/LNXSYSTM:00/LNXSYBUS:00/PNP0A08:00/LNXVIDEO:00/input/input15/event8"
[    30.297] (II) XINPUT: Adding extended input device "Video Bus" (type: KEYBOARD, id 7)
[    30.297] (**) Option "xkb_model" "pc105"
[    30.297] (**) Option "xkb_layout" "us"
[    30.298] (II) event8  - Video Bus: is tagged by udev as: Keyboard
[    30.298] (II) event8  - Video Bus: device is a keyboard
[    30.299] (II) config/udev: Adding input device Power Button (/dev/input/event2)
[    30.299] (**) Power Button: Applying InputClass "libinput keyboard catchall"
[    30.299] (II) Using input driver 'libinput' for 'Power Button'
[    30.300] (II) systemd-logind: got fd for /dev/input/event2 13:66 fd 30 paused 0
[    30.300] (**) Power Button: always reports core events
[    30.300] (**) Option "Device" "/dev/input/event2"
[    30.300] (**) Option "_source" "server/udev"
[    30.301] (II) event2  - Power Button: is tagged by udev as: Keyboard
[    30.301] (II) event2  - Power Button: device is a keyboard
[    30.301] (II) event2  - Power Button: device removed
[    30.301] (**) Option "config_info" "udev:/sys/devices/LNXSYSTM:00/LNXSYBUS:00/PNP0C0C:00/input/input2/event2"
[    30.301] (II) XINPUT: Adding extended input device "Power Button" (type: KEYBOARD, id 8)
[    30.301] (**) Option "xkb_model" "pc105"
[    30.301] (**) Option "xkb_layout" "us"
[    30.302] (II) event2  - Power Button: is tagged by udev as: Keyboard
[    30.302] (II) event2  - Power Button: device is a keyboard
[    30.303] (II) config/udev: Adding input device Lid Switch (/dev/input/event1)
[    30.303] (II) No input driver specified, ignoring this device.
[    30.303] (II) This device may have been added with another device file.
[    30.303] (II) config/udev: Adding input device Sleep Button (/dev/input/event0)
[    30.303] (**) Sleep Button: Applying InputClass "libinput keyboard catchall"
[    30.303] (II) Using input driver 'libinput' for 'Sleep Button'
[    30.304] (II) systemd-logind: got fd for /dev/input/event0 13:64 fd 31 paused 0
[    30.304] (**) Sleep Button: always reports core events
[    30.304] (**) Option "Device" "/dev/input/event0"
[    30.304] (**) Option "_source" "server/udev"
[    30.305] (II) event0  - Sleep Button: is tagged by udev as: Keyboard
[    30.305] (II) event0  - Sleep Button: device is a keyboard
[    30.305] (II) event0  - Sleep Button: device removed
[    30.305] (**) Option "config_info" "udev:/sys/devices/LNXSYSTM:00/LNXSYBUS:00/PNP0C0E:00/input/input0/event0"
[    30.305] (II) XINPUT: Adding extended input device "Sleep Button" (type: KEYBOARD, id 9)
[    30.305] (**) Option "xkb_model" "pc105"
[    30.305] (**) Option "xkb_layout" "us"
[    30.306] (II) event0  - Sleep Button: is tagged by udev as: Keyboard
[    30.306] (II) event0  - Sleep Button: device is a keyboard
[    30.308] (II) config/udev: Adding input device HP HD Camera: HP HD Camera (/dev/input/event12)
[    30.308] (**) HP HD Camera: HP HD Camera: Applying InputClass "libinput keyboard catchall"
[    30.308] (II) Using input driver 'libinput' for 'HP HD Camera: HP HD Camera'
[    30.309] (II) systemd-logind: got fd for /dev/input/event12 13:76 fd 32 paused 0
[    30.309] (**) HP HD Camera: HP HD Camera: always reports core events
[    30.309] (**) Option "Device" "/dev/input/event12"
[    30.309] (**) Option "_source" "server/udev"
[    30.310] (II) event12 - HP HD Camera: HP HD Camera: is tagged by udev as: Keyboard
[    30.310] (II) event12 - HP HD Camera: HP HD Camera: device is a keyboard
[    30.310] (II) event12 - HP HD Camera: HP HD Camera: device removed
[    30.310] (**) Option "config_info" "udev:/sys/devices/pci0000:00/0000:00:14.0/usb1/1-9/1-9:1.0/input/input22/event12"
[    30.310] (II) XINPUT: Adding extended input device "HP HD Camera: HP HD Camera" (type: KEYBOARD, id 10)
[    30.310] (**) Option "xkb_model" "pc105"
[    30.310] (**) Option "xkb_layout" "us"
[    30.312] (II) event12 - HP HD Camera: HP HD Camera: is tagged by udev as: Keyboard
[    30.312] (II) event12 - HP HD Camera: HP HD Camera: device is a keyboard
[    30.313] (II) config/udev: Adding input device SYNA3091:00 06CB:82F5 Mouse (/dev/input/event6)
[    30.313] (**) SYNA3091:00 06CB:82F5 Mouse: Applying InputClass "libinput pointer catchall"
[    30.313] (II) Using input driver 'libinput' for 'SYNA3091:00 06CB:82F5 Mouse'
[    30.314] (II) systemd-logind: got fd for /dev/input/event6 13:70 fd 33 paused 0
[    30.314] (**) SYNA3091:00 06CB:82F5 Mouse: always reports core events
[    30.314] (**) Option "Device" "/dev/input/event6"
[    30.314] (**) Option "_source" "server/udev"
[    30.315] (II) event6  - SYNA3091:00 06CB:82F5 Mouse: is tagged by udev as: Mouse Pointingstick
[    30.315] (II) event6  - SYNA3091:00 06CB:82F5 Mouse: device is a pointer
[    30.316] (II) event6  - SYNA3091:00 06CB:82F5 Mouse: device removed
[    30.316] (**) Option "config_info" "udev:/sys/devices/pci0000:00/0000:00:15.1/i2c_designware.1/i2c-1/i2c-SYNA3091:00/0018:06CB:82F5.0001/input/input19/event6"
[    30.316] (II) XINPUT: Adding extended input device "SYNA3091:00 06CB:82F5 Mouse" (type: MOUSE, id 11)
[    30.316] (**) Option "AccelerationScheme" "none"
[    30.316] (**) SYNA3091:00 06CB:82F5 Mouse: (accel) selected scheme none/0
[    30.316] (**) SYNA3091:00 06CB:82F5 Mouse: (accel) acceleration factor: 2.000
[    30.316] (**) SYNA3091:00 06CB:82F5 Mouse: (accel) acceleration threshold: 4
[    30.319] (II) event6  - SYNA3091:00 06CB:82F5 Mouse: is tagged by udev as: Mouse Pointingstick
[    30.319] (II) event6  - SYNA3091:00 06CB:82F5 Mouse: device is a pointer
[    30.320] (II) config/udev: Adding input device SYNA3091:00 06CB:82F5 Mouse (/dev/input/mouse0)
[    30.320] (II) No input driver specified, ignoring this device.
[    30.320] (II) This device may have been added with another device file.
[    30.321] (II) config/udev: Adding input device SYNA3091:00 06CB:82F5 Touchpad (/dev/input/event11)
[    30.321] (**) SYNA3091:00 06CB:82F5 Touchpad: Applying InputClass "libinput touchpad catchall"
[    30.321] (II) Using input driver 'libinput' for 'SYNA3091:00 06CB:82F5 Touchpad'
[    30.326] (II) systemd-logind: got fd for /dev/input/event11 13:75 fd 34 paused 0
[    30.326] (**) SYNA3091:00 06CB:82F5 Touchpad: always reports core events
[    30.326] (**) Option "Device" "/dev/input/event11"
[    30.326] (**) Option "_source" "server/udev"
[    30.328] (II) event11 - SYNA3091:00 06CB:82F5 Touchpad: is tagged by udev as: Touchpad
[    30.329] (II) event11 - SYNA3091:00 06CB:82F5 Touchpad: device is a touchpad
[    30.329] (II) event11 - SYNA3091:00 06CB:82F5 Touchpad: device removed
[    30.330] (**) Option "config_info" "udev:/sys/devices/pci0000:00/0000:00:15.1/i2c_designware.1/i2c-1/i2c-SYNA3091:00/0018:06CB:82F5.0001/input/input20/event11"
[    30.330] (II) XINPUT: Adding extended input device "SYNA3091:00 06CB:82F5 Touchpad" (type: TOUCHPAD, id 12)
[    30.331] (**) Option "AccelerationScheme" "none"
[    30.331] (**) SYNA3091:00 06CB:82F5 Touchpad: (accel) selected scheme none/0
[    30.331] (**) SYNA3091:00 06CB:82F5 Touchpad: (accel) acceleration factor: 2.000
[    30.331] (**) SYNA3091:00 06CB:82F5 Touchpad: (accel) acceleration threshold: 4
[    30.333] (II) event11 - SYNA3091:00 06CB:82F5 Touchpad: is tagged by udev as: Touchpad
[    30.334] (II) event11 - SYNA3091:00 06CB:82F5 Touchpad: device is a touchpad
[    30.335] (II) config/udev: Adding input device SYNA3091:00 06CB:82F5 Touchpad (/dev/input/mouse1)
[    30.335] (II) No input driver specified, ignoring this device.
[    30.335] (II) This device may have been added with another device file.
[    30.336] (II) config/udev: Adding input device sof-hda-dsp Mic (/dev/input/event13)
[    30.336] (II) No input driver specified, ignoring this device.
[    30.336] (II) This device may have been added with another device file.
[    30.336] (II) config/udev: Adding input device sof-hda-dsp Headphone (/dev/input/event14)
[    30.336] (II) No input driver specified, ignoring this device.
[    30.336] (II) This device may have been added with another device file.
[    30.337] (II) config/udev: Adding input device sof-hda-dsp HDMI/DP,pcm=3 (/dev/input/event15)
[    30.337] (II) No input driver specified, ignoring this device.
[    30.337] (II) This device may have been added with another device file.
[    30.337] (II) config/udev: Adding input device sof-hda-dsp HDMI/DP,pcm=4 (/dev/input/event16)
[    30.337] (II) No input driver specified, ignoring this device.
[    30.337] (II) This device may have been added with another device file.
[    30.338] (II) config/udev: Adding input device sof-hda-dsp HDMI/DP,pcm=5 (/dev/input/event17)
[    30.338] (II) No input driver specified, ignoring this device.
[    30.338] (II) This device may have been added with another device file.
[    30.338] (II) config/udev: Adding input device AT Translated Set 2 keyboard (/dev/input/event4)
[    30.338] (**) AT Translated Set 2 keyboard: Applying InputClass "libinput keyboard catchall"
[    30.338] (II) Using input driver 'libinput' for 'AT Translated Set 2 keyboard'
[    30.339] (II) systemd-logind: got fd for /dev/input/event4 13:68 fd 35 paused 0
[    30.339] (**) AT Translated Set 2 keyboard: always reports core events
[    30.339] (**) Option "Device" "/dev/input/event4"
[    30.339] (**) Option "_source" "server/udev"
[    30.340] (II) event4  - AT Translated Set 2 keyboard: is tagged by udev as: Keyboard
[    30.341] (II) event4  - AT Translated Set 2 keyboard: device is a keyboard
[    30.341] (II) event4  - AT Translated Set 2 keyboard: device removed
[    30.341] (**) Option "config_info" "udev:/sys/devices/platform/i8042/serio0/input/input4/event4"
[    30.341] (II) XINPUT: Adding extended input device "AT Translated Set 2 keyboard" (type: KEYBOARD, id 13)
[    30.341] (**) Option "xkb_model" "pc105"
[    30.341] (**) Option "xkb_layout" "us"
[    30.343] (II) event4  - AT Translated Set 2 keyboard: is tagged by udev as: Keyboard
[    30.343] (II) event4  - AT Translated Set 2 keyboard: device is a keyboard
[    30.344] (II) config/udev: Adding input device PS/2 Generic Mouse (/dev/input/event7)
[    30.344] (**) PS/2 Generic Mouse: Applying InputClass "libinput pointer catchall"
[    30.344] (II) Using input driver 'libinput' for 'PS/2 Generic Mouse'
[    30.345] (II) systemd-logind: got fd for /dev/input/event7 13:71 fd 36 paused 0
[    30.345] (**) PS/2 Generic Mouse: always reports core events
[    30.345] (**) Option "Device" "/dev/input/event7"
[    30.345] (**) Option "_source" "server/udev"
[    30.346] (II) event7  - PS/2 Generic Mouse: is tagged by udev as: Mouse
[    30.346] (II) event7  - PS/2 Generic Mouse: device is a pointer
[    30.346] (II) event7  - PS/2 Generic Mouse: device removed
[    30.346] (**) Option "config_info" "udev:/sys/devices/platform/i8042/serio2/input/input10/event7"
[    30.346] (II) XINPUT: Adding extended input device "PS/2 Generic Mouse" (type: MOUSE, id 14)
[    30.347] (**) Option "AccelerationScheme" "none"
[    30.347] (**) PS/2 Generic Mouse: (accel) selected scheme none/0
[    30.347] (**) PS/2 Generic Mouse: (accel) acceleration factor: 2.000
[    30.347] (**) PS/2 Generic Mouse: (accel) acceleration threshold: 4
[    30.348] (II) event7  - PS/2 Generic Mouse: is tagged by udev as: Mouse
[    30.348] (II) event7  - PS/2 Generic Mouse: device is a pointer
[    30.349] (II) config/udev: Adding input device PS/2 Generic Mouse (/dev/input/mouse2)
[    30.349] (II) No input driver specified, ignoring this device.
[    30.349] (II) This device may have been added with another device file.
[    30.349] (II) config/udev: Adding input device SynPS/2 Synaptics TouchPad (/dev/input/event9)
[    30.349] (**) SynPS/2 Synaptics TouchPad: Applying InputClass "libinput touchpad catchall"
[    30.349] (II) Using input driver 'libinput' for 'SynPS/2 Synaptics TouchPad'
[    30.350] (II) systemd-logind: got fd for /dev/input/event9 13:73 fd 37 paused 0
[    30.350] (**) SynPS/2 Synaptics TouchPad: always reports core events
[    30.350] (**) Option "Device" "/dev/input/event9"
[    30.350] (**) Option "_source" "server/udev"
[    30.351] (II) event9  - SynPS/2 Synaptics TouchPad: is tagged by udev as: Touchpad
[    30.351] (II) event9  - SynPS/2 Synaptics TouchPad: no resolution or size hints, assuming a size of 69x50mm
[    30.353] (II) event9  - SynPS/2 Synaptics TouchPad: device is a touchpad
[    30.353] (II) event9  - SynPS/2 Synaptics TouchPad: device removed
[    30.353] (**) Option "config_info" "udev:/sys/devices/platform/i8042/serio3/input/input14/event9"
[    30.353] (II) XINPUT: Adding extended input device "SynPS/2 Synaptics TouchPad" (type: TOUCHPAD, id 15)
[    30.354] (**) Option "AccelerationScheme" "none"
[    30.354] (**) SynPS/2 Synaptics TouchPad: (accel) selected scheme none/0
[    30.354] (**) SynPS/2 Synaptics TouchPad: (accel) acceleration factor: 2.000
[    30.354] (**) SynPS/2 Synaptics TouchPad: (accel) acceleration threshold: 4
[    30.356] (II) event9  - SynPS/2 Synaptics TouchPad: is tagged by udev as: Touchpad
[    30.356] (II) event9  - SynPS/2 Synaptics TouchPad: no resolution or size hints, assuming a size of 69x50mm
[    30.357] (II) event9  - SynPS/2 Synaptics TouchPad: device is a touchpad
[    30.358] (II) config/udev: Adding input device SynPS/2 Synaptics TouchPad (/dev/input/mouse3)
[    30.358] (II) No input driver specified, ignoring this device.
[    30.358] (II) This device may have been added with another device file.
[    30.360] (II) config/udev: Adding input device HP Wireless hotkeys (/dev/input/event10)
[    30.360] (**) HP Wireless hotkeys: Applying InputClass "libinput keyboard catchall"
[    30.360] (II) Using input driver 'libinput' for 'HP Wireless hotkeys'
[    30.361] (II) systemd-logind: got fd for /dev/input/event10 13:74 fd 38 paused 0
[    30.361] (**) HP Wireless hotkeys: always reports core events
[    30.361] (**) Option "Device" "/dev/input/event10"
[    30.361] (**) Option "_source" "server/udev"
[    30.362] (II) event10 - HP Wireless hotkeys: is tagged by udev as: Keyboard
[    30.362] (II) event10 - HP Wireless hotkeys: device is a keyboard
[    30.362] (II) event10 - HP Wireless hotkeys: device removed
[    30.362] (**) Option "config_info" "udev:/sys/devices/virtual/input/input17/event10"
[    30.362] (II) XINPUT: Adding extended input device "HP Wireless hotkeys" (type: KEYBOARD, id 16)
[    30.362] (**) Option "xkb_model" "pc105"
[    30.362] (**) Option "xkb_layout" "us"
[    30.363] (II) event10 - HP Wireless hotkeys: is tagged by udev as: Keyboard
[    30.363] (II) event10 - HP Wireless hotkeys: device is a keyboard
[    30.364] (II) config/udev: Adding input device HP WMI hotkeys (/dev/input/event5)
[    30.364] (**) HP WMI hotkeys: Applying InputClass "libinput keyboard catchall"
[    30.364] (II) Using input driver 'libinput' for 'HP WMI hotkeys'
[    30.365] (II) systemd-logind: got fd for /dev/input/event5 13:69 fd 39 paused 0
[    30.365] (**) HP WMI hotkeys: always reports core events
[    30.365] (**) Option "Device" "/dev/input/event5"
[    30.365] (**) Option "_source" "server/udev"
[    30.366] (II) event5  - HP WMI hotkeys: is tagged by udev as: Keyboard Switch
[    30.366] (II) event5  - HP WMI hotkeys: device is a keyboard
[    30.366] (II) event5  - HP WMI hotkeys: device removed
[    30.366] (**) Option "config_info" "udev:/sys/devices/virtual/input/input18/event5"
[    30.366] (II) XINPUT: Adding extended input device "HP WMI hotkeys" (type: KEYBOARD, id 17)
[    30.366] (**) Option "xkb_model" "pc105"
[    30.366] (**) Option "xkb_layout" "us"
[    30.367] (II) event5  - HP WMI hotkeys: is tagged by udev as: Keyboard Switch
[    30.367] (II) event5  - HP WMI hotkeys: device is a keyboard
[    31.020] (II) modeset(0): EDID vendor "LGD", prod id 1551
[    31.020] (II) modeset(0): Printing DDC gathered Modelines:
[    31.020] (II) modeset(0): Modeline "1920x1080"x0.0  138.70  1920 1968 2000 2080  1080 1083 1088 1111 -hsync -vsync (66.7 kHz eP)
[    31.020] (II) modeset(0): Modeline "1920x1080"x0.0   92.43  1920 1968 2000 2080  1080 1083 1088 1111 -hsync -vsync (44.4 kHz e)
[    33.460] (II) modeset(0): EDID vendor "LGD", prod id 1551
[    33.460] (II) modeset(0): Printing DDC gathered Modelines:
[    33.460] (II) modeset(0): Modeline "1920x1080"x0.0  138.70  1920 1968 2000 2080  1080 1083 1088 1111 -hsync -vsync (66.7 kHz eP)
[    33.460] (II) modeset(0): Modeline "1920x1080"x0.0   92.43  1920 1968 2000 2080  1080 1083 1088 1111 -hsync -vsync (44.4 kHz e)
[   180.673] (II) modeset(0): EDID vendor "LGD", prod id 1551
[   180.673] (II) modeset(0): Printing DDC gathered Modelines:
[   180.673] (II) modeset(0): Modeline "1920x1080"x0.0  138.70  1920 1968 2000 2080  1080 1083 1088 1111 -hsync -vsync (66.7 kHz eP)
[   180.673] (II) modeset(0): Modeline "1920x1080"x0.0   92.43  1920 1968 2000 2080  1080 1083 1088 1111 -hsync -vsync (44.4 kHz e)
[  2221.538] (EE) event11 - SYNA3091:00 06CB:82F5 Touchpad: kernel bug: Touch jump detected and discarded.
See https://wayland.freedesktop.org/libinput/doc/1.15.5/touchpad-jumping-cursors.html for details
[  2296.759] (II) modeset(0): EDID vendor "LGD", prod id 1551
[  2296.759] (II) modeset(0): Printing DDC gathered Modelines:
[  2296.759] (II) modeset(0): Modeline "1920x1080"x0.0  138.70  1920 1968 2000 2080  1080 1083 1088 1111 -hsync -vsync (66.7 kHz eP)
[  2296.759] (II) modeset(0): Modeline "1920x1080"x0.0   92.43  1920 1968 2000 2080  1080 1083 1088 1111 -hsync -vsync (44.4 kHz e)
[  6870.497] (EE) event11 - SYNA3091:00 06CB:82F5 Touchpad: kernel bug: Touch jump detected and discarded.
See https://wayland.freedesktop.org/libinput/doc/1.15.5/touchpad-jumping-cursors.html for details
[ 16822.108] (EE) event11 - SYNA3091:00 06CB:82F5 Touchpad: kernel bug: Touch jump detected and discarded.
See https://wayland.freedesktop.org/libinput/doc/1.15.5/touchpad-jumping-cursors.html for details
[ 20146.496] (EE) event11 - SYNA3091:00 06CB:82F5 Touchpad: kernel bug: Touch jump detected and discarded.
See https://wayland.freedesktop.org/libinput/doc/1.15.5/touchpad-jumping-cursors.html for details
[ 20339.317] (EE) event11 - SYNA3091:00 06CB:82F5 Touchpad: kernel bug: Touch jump detected and discarded.
See https://wayland.freedesktop.org/libinput/doc/1.15.5/touchpad-jumping-cursors.html for details
[ 23584.926] (EE) event11 - SYNA3091:00 06CB:82F5 Touchpad: kernel bug: Touch jump detected and discarded.
See https://wayland.freedesktop.org/libinput/doc/1.15.5/touchpad-jumping-cursors.html for details
[ 23618.018] (EE) event11 - SYNA3091:00 06CB:82F5 Touchpad: kernel bug: Touch jump detected and discarded.
See https://wayland.freedesktop.org/libinput/doc/1.15.5/touchpad-jumping-cursors.html for details
[ 23618.018] (EE) event11 - SYNA3091:00 06CB:82F5 Touchpad: WARNING: log rate limit exceeded (5 msgs per 7200000ms). Discarding future messages.
[ 27781.754] (EE) event11 - SYNA3091:00 06CB:82F5 Touchpad: kernel bug: Touch jump detected and discarded.
See https://wayland.freedesktop.org/libinput/doc/1.15.5/touchpad-jumping-cursors.html for details
[ 28177.860] (EE) event11 - SYNA3091:00 06CB:82F5 Touchpad: kernel bug: Touch jump detected and discarded.
See https://wayland.freedesktop.org/libinput/doc/1.15.5/touchpad-jumping-cursors.html for details
[ 28182.953] (EE) event11 - SYNA3091:00 06CB:82F5 Touchpad: kernel bug: Touch jump detected and discarded.
See https://wayland.freedesktop.org/libinput/doc/1.15.5/touchpad-jumping-cursors.html for details
[ 28188.932] (EE) event11 - SYNA3091:00 06CB:82F5 Touchpad: kernel bug: Touch jump detected and discarded.
See https://wayland.freedesktop.org/libinput/doc/1.15.5/touchpad-jumping-cursors.html for details
[ 29001.538] (EE) event11 - SYNA3091:00 06CB:82F5 Touchpad: kernel bug: Touch jump detected and discarded.
See https://wayland.freedesktop.org/libinput/doc/1.15.5/touchpad-jumping-cursors.html for details
[ 29001.538] (EE) event11 - SYNA3091:00 06CB:82F5 Touchpad: WARNING: log rate limit exceeded (5 msgs per 7200000ms). Discarding future messages.
[ 31609.006] (EE) client bug: timer event9 keyboard: scheduled expiry is in the past (-876ms), your system is too slow
[ 31609.006] (EE) client bug: timer event11 keyboard: scheduled expiry is in the past (-876ms), your system is too slow
[ 37548.103] (II) modeset(0): EDID vendor "LGD", prod id 1551
[ 37548.103] (II) modeset(0): Printing DDC gathered Modelines:
[ 37548.103] (II) modeset(0): Modeline "1920x1080"x0.0  138.70  1920 1968 2000 2080  1080 1083 1088 1111 -hsync -vsync (66.7 kHz eP)
[ 37548.103] (II) modeset(0): Modeline "1920x1080"x0.0   92.43  1920 1968 2000 2080  1080 1083 1088 1111 -hsync -vsync (44.4 kHz e)
[ 42285.292] (EE) event11 - SYNA3091:00 06CB:82F5 Touchpad: kernel bug: Touch jump detected and discarded.
See https://wayland.freedesktop.org/libinput/doc/1.15.5/touchpad-jumping-cursors.html for details
[ 42288.147] (EE) event11 - SYNA3091:00 06CB:82F5 Touchpad: kernel bug: Touch jump detected and discarded.
See https://wayland.freedesktop.org/libinput/doc/1.15.5/touchpad-jumping-cursors.html for details
[ 42288.659] (EE) event11 - SYNA3091:00 06CB:82F5 Touchpad: kernel bug: Touch jump detected and discarded.
See https://wayland.freedesktop.org/libinput/doc/1.15.5/touchpad-jumping-cursors.html for details
[ 42558.354] (II) modeset(0): EDID vendor "LGD", prod id 1551
[ 42558.354] (II) modeset(0): Printing DDC gathered Modelines:
[ 42558.354] (II) modeset(0): Modeline "1920x1080"x0.0  138.70  1920 1968 2000 2080  1080 1083 1088 1111 -hsync -vsync (66.7 kHz eP)
[ 42558.354] (II) modeset(0): Modeline "1920x1080"x0.0   92.43  1920 1968 2000 2080  1080 1083 1088 1111 -hsync -vsync (44.4 kHz e)
[ 44386.640] (EE) client bug: timer event9 keyboard: scheduled expiry is in the past (-882ms), your system is too slow
[ 44386.640] (EE) client bug: timer event11 keyboard: scheduled expiry is in the past (-882ms), your system is too slow
[ 45300.991] (EE) event11 - SYNA3091:00 06CB:82F5 Touchpad: kernel bug: Touch jump detected and discarded.
See https://wayland.freedesktop.org/libinput/doc/1.15.5/touchpad-jumping-cursors.html for details
[ 45379.466] (EE) event11 - SYNA3091:00 06CB:82F5 Touchpad: kernel bug: Touch jump detected and discarded.
See https://wayland.freedesktop.org/libinput/doc/1.15.5/touchpad-jumping-cursors.html for details
[ 45379.466] (EE) event11 - SYNA3091:00 06CB:82F5 Touchpad: WARNING: log rate limit exceeded (5 msgs per 7200000ms). Discarding future messages.
[ 46854.609] (EE) client bug: timer event9 keyboard: scheduled expiry is in the past (-882ms), your system is too slow
[ 46854.609] (EE) client bug: timer event11 keyboard: scheduled expiry is in the past (-882ms), your system is too slow
[ 51201.517] (EE) event11 - SYNA3091:00 06CB:82F5 Touchpad: kernel bug: Touch jump detected and discarded.
See https://wayland.freedesktop.org/libinput/doc/1.15.5/touchpad-jumping-cursors.html for details
[ 56137.002] (EE) event11 - SYNA3091:00 06CB:82F5 Touchpad: kernel bug: Touch jump detected and discarded.
See https://wayland.freedesktop.org/libinput/doc/1.15.5/touchpad-jumping-cursors.html for details
[ 63809.404] (EE) event11 - SYNA3091:00 06CB:82F5 Touchpad: kernel bug: Touch jump detected and discarded.
See https://wayland.freedesktop.org/libinput/doc/1.15.5/touchpad-jumping-cursors.html for details
[ 64774.720] (EE) event11 - SYNA3091:00 06CB:82F5 Touchpad: kernel bug: Touch jump detected and discarded.
See https://wayland.freedesktop.org/libinput/doc/1.15.5/touchpad-jumping-cursors.html for details
[ 66100.618] (II) modeset(0): EDID vendor "LGD", prod id 1551
[ 66100.618] (II) modeset(0): Printing DDC gathered Modelines:
[ 66100.618] (II) modeset(0): Modeline "1920x1080"x0.0  138.70  1920 1968 2000 2080  1080 1083 1088 1111 -hsync -vsync (66.7 kHz eP)
[ 66100.618] (II) modeset(0): Modeline "1920x1080"x0.0   92.43  1920 1968 2000 2080  1080 1083 1088 1111 -hsync -vsync (44.4 kHz e)
[ 67277.282] (EE) event11 - SYNA3091:00 06CB:82F5 Touchpad: kernel bug: Touch jump detected and discarded.
See https://wayland.freedesktop.org/libinput/doc/1.15.5/touchpad-jumping-cursors.html for details
[ 69157.963] (EE) event11 - SYNA3091:00 06CB:82F5 Touchpad: kernel bug: Touch jump detected and discarded.
See https://wayland.freedesktop.org/libinput/doc/1.15.5/touchpad-jumping-cursors.html for details
[ 69174.663] (EE) event11 - SYNA3091:00 06CB:82F5 Touchpad: kernel bug: Touch jump detected and discarded.
See https://wayland.freedesktop.org/libinput/doc/1.15.5/touchpad-jumping-cursors.html for details
[ 69174.663] (EE) event11 - SYNA3091:00 06CB:82F5 Touchpad: WARNING: log rate limit exceeded (5 msgs per 7200000ms). Discarding future messages.
[ 72001.270] (EE) event11 - SYNA3091:00 06CB:82F5 Touchpad: kernel bug: Touch jump detected and discarded.
See https://wayland.freedesktop.org/libinput/doc/1.15.5/touchpad-jumping-cursors.html for details
[ 76033.560] (EE) event11 - SYNA3091:00 06CB:82F5 Touchpad: kernel bug: Touch jump detected and discarded.
See https://wayland.freedesktop.org/libinput/doc/1.15.5/touchpad-jumping-cursors.html for details
[ 76471.356] (EE) event11 - SYNA3091:00 06CB:82F5 Touchpad: kernel bug: Touch jump detected and discarded.
See https://wayland.freedesktop.org/libinput/doc/1.15.5/touchpad-jumping-cursors.html for details
[ 81269.141] (EE) event11 - SYNA3091:00 06CB:82F5 Touchpad: kernel bug: Touch jump detected and discarded.
See https://wayland.freedesktop.org/libinput/doc/1.15.5/touchpad-jumping-cursors.html for details
[ 83125.320] (EE) event11 - SYNA3091:00 06CB:82F5 Touchpad: kernel bug: Touch jump detected and discarded.
See https://wayland.freedesktop.org/libinput/doc/1.15.5/touchpad-jumping-cursors.html for details
[ 83142.881] (EE) event11 - SYNA3091:00 06CB:82F5 Touchpad: kernel bug: Touch jump detected and discarded.
See https://wayland.freedesktop.org/libinput/doc/1.15.5/touchpad-jumping-cursors.html for details
[ 83456.363] (EE) event11 - SYNA3091:00 06CB:82F5 Touchpad: kernel bug: Touch jump detected and discarded.
See https://wayland.freedesktop.org/libinput/doc/1.15.5/touchpad-jumping-cursors.html for details
[ 85754.781] (EE) event11 - SYNA3091:00 06CB:82F5 Touchpad: kernel bug: Touch jump detected and discarded.
See https://wayland.freedesktop.org/libinput/doc/1.15.5/touchpad-jumping-cursors.html for details
[ 85754.781] (EE) event11 - SYNA3091:00 06CB:82F5 Touchpad: WARNING: log rate limit exceeded (5 msgs per 7200000ms). Discarding future messages.
[ 92007.523] (EE) event11 - SYNA3091:00 06CB:82F5 Touchpad: kernel bug: Touch jump detected and discarded.
See https://wayland.freedesktop.org/libinput/doc/1.15.5/touchpad-jumping-cursors.html for details
[ 92249.890] (II) modeset(0): EDID vendor "LGD", prod id 1551
[ 92249.890] (II) modeset(0): Printing DDC gathered Modelines:
[ 92249.890] (II) modeset(0): Modeline "1920x1080"x0.0  138.70  1920 1968 2000 2080  1080 1083 1088 1111 -hsync -vsync (66.7 kHz eP)
[ 92249.890] (II) modeset(0): Modeline "1920x1080"x0.0   92.43  1920 1968 2000 2080  1080 1083 1088 1111 -hsync -vsync (44.4 kHz e)
[ 92249.950] (II) modeset(0): EDID vendor "LGD", prod id 1551
[ 92249.951] (II) modeset(0): Printing DDC gathered Modelines:
[ 92249.951] (II) modeset(0): Modeline "1920x1080"x0.0  138.70  1920 1968 2000 2080  1080 1083 1088 1111 -hsync -vsync (66.7 kHz eP)
[ 92249.951] (II) modeset(0): Modeline "1920x1080"x0.0   92.43  1920 1968 2000 2080  1080 1083 1088 1111 -hsync -vsync (44.4 kHz e)
[ 92679.167] (EE) event11 - SYNA3091:00 06CB:82F5 Touchpad: kernel bug: Touch jump detected and discarded.
See https://wayland.freedesktop.org/libinput/doc/1.15.5/touchpad-jumping-cursors.html for details
[ 93413.290] (EE) event11 - SYNA3091:00 06CB:82F5 Touchpad: kernel bug: Touch jump detected and discarded.
See https://wayland.freedesktop.org/libinput/doc/1.15.5/touchpad-jumping-cursors.html for details
[101579.886] (EE) event11 - SYNA3091:00 06CB:82F5 Touchpad: kernel bug: Touch jump detected and discarded.
See https://wayland.freedesktop.org/libinput/doc/1.15.5/touchpad-jumping-cursors.html for details
[102900.185] (EE) client bug: timer event9 keyboard: scheduled expiry is in the past (-890ms), your system is too slow
[102900.185] (EE) client bug: timer event11 keyboard: scheduled expiry is in the past (-890ms), your system is too slow
[102915.345] (EE) event11 - SYNA3091:00 06CB:82F5 Touchpad: kernel bug: Touch jump detected and discarded.
See https://wayland.freedesktop.org/libinput/doc/1.15.5/touchpad-jumping-cursors.html for details
[102915.352] (EE) event11 - SYNA3091:00 06CB:82F5 Touchpad: kernel bug: Touch jump detected and discarded.
See https://wayland.freedesktop.org/libinput/doc/1.15.5/touchpad-jumping-cursors.html for details
[106185.795] (EE) event11 - SYNA3091:00 06CB:82F5 Touchpad: kernel bug: Touch jump detected and discarded.
See https://wayland.freedesktop.org/libinput/doc/1.15.5/touchpad-jumping-cursors.html for details
[107749.403] (EE) event11 - SYNA3091:00 06CB:82F5 Touchpad: kernel bug: Touch jump detected and discarded.
See https://wayland.freedesktop.org/libinput/doc/1.15.5/touchpad-jumping-cursors.html for details
[107749.403] (EE) event11 - SYNA3091:00 06CB:82F5 Touchpad: WARNING: log rate limit exceeded (5 msgs per 7200000ms). Discarding future messages.
[109018.437] (EE) event11 - SYNA3091:00 06CB:82F5 Touchpad: kernel bug: Touch jump detected and discarded.
See https://wayland.freedesktop.org/libinput/doc/1.15.5/touchpad-jumping-cursors.html for details
[113697.397] (EE) event11 - SYNA3091:00 06CB:82F5 Touchpad: kernel bug: Touch jump detected and discarded.
See https://wayland.freedesktop.org/libinput/doc/1.15.5/touchpad-jumping-cursors.html for details
[114282.803] (EE) event11 - SYNA3091:00 06CB:82F5 Touchpad: kernel bug: Touch jump detected and discarded.
See https://wayland.freedesktop.org/libinput/doc/1.15.5/touchpad-jumping-cursors.html for details
[122818.794] (EE) event11 - SYNA3091:00 06CB:82F5 Touchpad: kernel bug: Touch jump detected and discarded.
See https://wayland.freedesktop.org/libinput/doc/1.15.5/touchpad-jumping-cursors.html for details
[123869.335] (EE) event11 - SYNA3091:00 06CB:82F5 Touchpad: kernel bug: Touch jump detected and discarded.
See https://wayland.freedesktop.org/libinput/doc/1.15.5/touchpad-jumping-cursors.html for details
[128844.635] (EE) event11 - SYNA3091:00 06CB:82F5 Touchpad: kernel bug: Touch jump detected and discarded.
See https://wayland.freedesktop.org/libinput/doc/1.15.5/touchpad-jumping-cursors.html for details
[128847.182] (EE) event11 - SYNA3091:00 06CB:82F5 Touchpad: kernel bug: Touch jump detected and discarded.
See https://wayland.freedesktop.org/libinput/doc/1.15.5/touchpad-jumping-cursors.html for details
[128917.751] (EE) client bug: timer event9 keyboard: scheduled expiry is in the past (-724ms), your system is too slow
[128917.751] (EE) client bug: timer event11 keyboard: scheduled expiry is in the past (-725ms), your system is too slow
[129716.539] (EE) event11 - SYNA3091:00 06CB:82F5 Touchpad: kernel bug: Touch jump detected and discarded.
See https://wayland.freedesktop.org/libinput/doc/1.15.5/touchpad-jumping-cursors.html for details
[129716.539] (EE) event11 - SYNA3091:00 06CB:82F5 Touchpad: WARNING: log rate limit exceeded (5 msgs per 7200000ms). Discarding future messages.
[130093.316] (EE) event11 - SYNA3091:00 06CB:82F5 Touchpad: kernel bug: Touch jump detected and discarded.
See https://wayland.freedesktop.org/libinput/doc/1.15.5/touchpad-jumping-cursors.html for details
[130407.267] (EE) event11 - SYNA3091:00 06CB:82F5 Touchpad: kernel bug: Touch jump detected and discarded.
See https://wayland.freedesktop.org/libinput/doc/1.15.5/touchpad-jumping-cursors.html for details
[130417.910] (EE) event11 - SYNA3091:00 06CB:82F5 Touchpad: kernel bug: Touch jump detected and discarded.
See https://wayland.freedesktop.org/libinput/doc/1.15.5/touchpad-jumping-cursors.html for details
[130418.886] (EE) event11 - SYNA3091:00 06CB:82F5 Touchpad: kernel bug: Touch jump detected and discarded.
See https://wayland.freedesktop.org/libinput/doc/1.15.5/touchpad-jumping-cursors.html for details
[130419.096] (EE) event11 - SYNA3091:00 06CB:82F5 Touchpad: kernel bug: Touch jump detected and discarded.
See https://wayland.freedesktop.org/libinput/doc/1.15.5/touchpad-jumping-cursors.html for details
[130419.096] (EE) event11 - SYNA3091:00 06CB:82F5 Touchpad: WARNING: log rate limit exceeded (5 msgs per 7200000ms). Discarding future messages.
[139046.871] (EE) event11 - SYNA3091:00 06CB:82F5 Touchpad: kernel bug: Touch jump detected and discarded.
See https://wayland.freedesktop.org/libinput/doc/1.15.5/touchpad-jumping-cursors.html for details
[140982.565] (EE) event11 - SYNA3091:00 06CB:82F5 Touchpad: kernel bug: Touch jump detected and discarded.
See https://wayland.freedesktop.org/libinput/doc/1.15.5/touchpad-jumping-cursors.html for details
[141694.558] (EE) event11 - SYNA3091:00 06CB:82F5 Touchpad: kernel bug: Touch jump detected and discarded.
See https://wayland.freedesktop.org/libinput/doc/1.15.5/touchpad-jumping-cursors.html for details
[143607.715] (EE) event11 - SYNA3091:00 06CB:82F5 Touchpad: kernel bug: Touch jump detected and discarded.
See https://wayland.freedesktop.org/libinput/doc/1.15.5/touchpad-jumping-cursors.html for details
[145647.603] (EE) client bug: timer event9 keyboard: scheduled expiry is in the past (-719ms), your system is too slow
[145647.603] (EE) client bug: timer event11 keyboard: scheduled expiry is in the past (-719ms), your system is too slow
[146872.956] (EE) event11 - SYNA3091:00 06CB:82F5 Touchpad: kernel bug: Touch jump detected and discarded.
See https://wayland.freedesktop.org/libinput/doc/1.15.5/touchpad-jumping-cursors.html for details
[146922.883] (EE) event11 - SYNA3091:00 06CB:82F5 Touchpad: kernel bug: Touch jump detected and discarded.
See https://wayland.freedesktop.org/libinput/doc/1.15.5/touchpad-jumping-cursors.html for details
[146938.123] (EE) client bug: timer event9 keyboard: scheduled expiry is in the past (-875ms), your system is too slow
[146938.123] (EE) client bug: timer event11 keyboard: scheduled expiry is in the past (-875ms), your system is too slow
[149941.127] (EE) event11 - SYNA3091:00 06CB:82F5 Touchpad: kernel bug: Touch jump detected and discarded.
See https://wayland.freedesktop.org/libinput/doc/1.15.5/touchpad-jumping-cursors.html for details
[152847.434] (EE) event11 - SYNA3091:00 06CB:82F5 Touchpad: kernel bug: Touch jump detected and discarded.
See https://wayland.freedesktop.org/libinput/doc/1.15.5/touchpad-jumping-cursors.html for details
[153281.188] (EE) event11 - SYNA3091:00 06CB:82F5 Touchpad: kernel bug: Touch jump detected and discarded.
See https://wayland.freedesktop.org/libinput/doc/1.15.5/touchpad-jumping-cursors.html for details
[153281.188] (EE) event11 - SYNA3091:00 06CB:82F5 Touchpad: WARNING: log rate limit exceeded (5 msgs per 7200000ms). Discarding future messages.
[156554.097] (EE) event11 - SYNA3091:00 06CB:82F5 Touchpad: kernel bug: Touch jump detected and discarded.
See https://wayland.freedesktop.org/libinput/doc/1.15.5/touchpad-jumping-cursors.html for details
[156614.203] (EE) event11 - SYNA3091:00 06CB:82F5 Touchpad: kernel bug: Touch jump detected and discarded.
See https://wayland.freedesktop.org/libinput/doc/1.15.5/touchpad-jumping-cursors.html for details
[157635.994] (EE) event11 - SYNA3091:00 06CB:82F5 Touchpad: kernel bug: Touch jump detected and discarded.
See https://wayland.freedesktop.org/libinput/doc/1.15.5/touchpad-jumping-cursors.html for details
[158050.625] (EE) event11 - SYNA3091:00 06CB:82F5 Touchpad: kernel bug: Touch jump detected and discarded.
See https://wayland.freedesktop.org/libinput/doc/1.15.5/touchpad-jumping-cursors.html for details
[164149.488] (EE) event11 - SYNA3091:00 06CB:82F5 Touchpad: kernel bug: Touch jump detected and discarded.
See https://wayland.freedesktop.org/libinput/doc/1.15.5/touchpad-jumping-cursors.html for details
[165573.624] (EE) event11 - SYNA3091:00 06CB:82F5 Touchpad: kernel bug: Touch jump detected and discarded.
See https://wayland.freedesktop.org/libinput/doc/1.15.5/touchpad-jumping-cursors.html for details
[165573.632] (EE) event11 - SYNA3091:00 06CB:82F5 Touchpad: kernel bug: Touch jump detected and discarded.
See https://wayland.freedesktop.org/libinput/doc/1.15.5/touchpad-jumping-cursors.html for details
[165573.682] (EE) event11 - SYNA3091:00 06CB:82F5 Touchpad: kernel bug: Touch jump detected and discarded.
See https://wayland.freedesktop.org/libinput/doc/1.15.5/touchpad-jumping-cursors.html for details
[165573.739] (EE) event11 - SYNA3091:00 06CB:82F5 Touchpad: kernel bug: Touch jump detected and discarded.
See https://wayland.freedesktop.org/libinput/doc/1.15.5/touchpad-jumping-cursors.html for details
[165573.739] (EE) event11 - SYNA3091:00 06CB:82F5 Touchpad: WARNING: log rate limit exceeded (5 msgs per 7200000ms). Discarding future messages.
[172939.612] (EE) event11 - SYNA3091:00 06CB:82F5 Touchpad: kernel bug: Touch jump detected and discarded.
See https://wayland.freedesktop.org/libinput/doc/1.15.5/touchpad-jumping-cursors.html for details
[172987.398] (EE) event11 - SYNA3091:00 06CB:82F5 Touchpad: kernel bug: Touch jump detected and discarded.
See https://wayland.freedesktop.org/libinput/doc/1.15.5/touchpad-jumping-cursors.html for details
[174298.131] (EE) client bug: timer event9 keyboard: scheduled expiry is in the past (-725ms), your system is too slow
[174298.131] (EE) client bug: timer event11 keyboard: scheduled expiry is in the past (-725ms), your system is too slow
[177987.106] (II) modeset(0): EDID vendor "LGD", prod id 1551
[177987.106] (II) modeset(0): Printing DDC gathered Modelines:
[177987.106] (II) modeset(0): Modeline "1920x1080"x0.0  138.70  1920 1968 2000 2080  1080 1083 1088 1111 -hsync -vsync (66.7 kHz eP)
[177987.106] (II) modeset(0): Modeline "1920x1080"x0.0   92.43  1920 1968 2000 2080  1080 1083 1088 1111 -hsync -vsync (44.4 kHz e)
[181494.233] (EE) event11 - SYNA3091:00 06CB:82F5 Touchpad: kernel bug: Touch jump detected and discarded.
See https://wayland.freedesktop.org/libinput/doc/1.15.5/touchpad-jumping-cursors.html for details
[183221.330] (EE) client bug: timer event9 keyboard: scheduled expiry is in the past (-723ms), your system is too slow
[183221.330] (EE) client bug: timer event11 keyboard: scheduled expiry is in the past (-723ms), your system is too slow
[186691.770] (EE) client bug: timer event9 keyboard: scheduled expiry is in the past (-887ms), your system is too slow
[186691.770] (EE) client bug: timer event11 keyboard: scheduled expiry is in the past (-887ms), your system is too slow
[188391.252] (EE) client bug: timer event9 keyboard: scheduled expiry is in the past (-724ms), your system is too slow
[188391.252] (EE) client bug: timer event11 keyboard: scheduled expiry is in the past (-724ms), your system is too slow
[193961.579] (EE) event11 - SYNA3091:00 06CB:82F5 Touchpad: kernel bug: Touch jump detected and discarded.
See https://wayland.freedesktop.org/libinput/doc/1.15.5/touchpad-jumping-cursors.html for details
[201785.846] (EE) event11 - SYNA3091:00 06CB:82F5 Touchpad: kernel bug: Touch jump detected and discarded.
See https://wayland.freedesktop.org/libinput/doc/1.15.5/touchpad-jumping-cursors.html for details
[201823.860] (EE) event11 - SYNA3091:00 06CB:82F5 Touchpad: kernel bug: Touch jump detected and discarded.
See https://wayland.freedesktop.org/libinput/doc/1.15.5/touchpad-jumping-cursors.html for details
[202226.762] (EE) event11 - SYNA3091:00 06CB:82F5 Touchpad: kernel bug: Touch jump detected and discarded.
See https://wayland.freedesktop.org/libinput/doc/1.15.5/touchpad-jumping-cursors.html for details
